  Camera.cpp
  Cube.cpp
D:\Yash Files\Documents\Uni Work\Year 3\Graphics And Computational Programming\Shadows\Shadows\Cube.cpp(75,20): warning C4018: '<': signed/unsigned mismatch
  Main.cpp
D:\Yash Files\Documents\Uni Work\Year 3\Graphics And Computational Programming\Shadows\Shadows\Main.cpp(139,22): warning C4244: 'initializing': conversion from 'double' to 'float', possible loss of data
D:\Yash Files\Documents\Uni Work\Year 3\Graphics And Computational Programming\Shadows\Shadows\Main.cpp(264,20): warning C4018: '<': signed/unsigned mismatch
D:\Yash Files\Documents\Uni Work\Year 3\Graphics And Computational Programming\Shadows\Shadows\Main.cpp(278,20): warning C4018: '<': signed/unsigned mismatch
D:\Yash Files\Documents\Uni Work\Year 3\Graphics And Computational Programming\Shadows\Shadows\Main.cpp(303,11): warning C4244: '=': conversion from 'double' to 'float', possible loss of data
D:\Yash Files\Documents\Uni Work\Year 3\Graphics And Computational Programming\Shadows\Shadows\Main.cpp(304,11): warning C4244: '=': conversion from 'double' to 'float', possible loss of data
D:\Yash Files\Documents\Uni Work\Year 3\Graphics And Computational Programming\Shadows\Shadows\Main.cpp(308,16): warning C4244: 'initializing': conversion from 'double' to 'float', possible loss of data
D:\Yash Files\Documents\Uni Work\Year 3\Graphics And Computational Programming\Shadows\Shadows\Main.cpp(309,16): warning C4244: 'initializing': conversion from 'double' to 'float', possible loss of data
D:\Yash Files\Documents\Uni Work\Year 3\Graphics And Computational Programming\Shadows\Shadows\Main.cpp(310,10): warning C4244: '=': conversion from 'double' to 'float', possible loss of data
D:\Yash Files\Documents\Uni Work\Year 3\Graphics And Computational Programming\Shadows\Shadows\Main.cpp(311,10): warning C4244: '=': conversion from 'double' to 'float', possible loss of data
  Plane.cpp
D:\Yash Files\Documents\Uni Work\Year 3\Graphics And Computational Programming\Shadows\Shadows\Plane.cpp(34,20): warning C4018: '<': signed/unsigned mismatch
  Room.cpp
  Shader.cpp
  Skybox.cpp
  stb_image.cpp
  glad.c
LINK : warning LNK4098: defaultlib 'MSVCRTD' conflicts with use of other libs; use /NODEFAULTLIB:library
  Generating code
  Previous IPDB not found, fall back to full compilation.
  All 1015 functions were compiled because no usable IPDB/IOBJ from previous compilation was found.
  Finished generating code
glfw3.lib(context.obj) : warning LNK4099: PDB 'glfw.pdb' was not found with 'glfw3.lib(context.obj)' or at 'D:\Yash Files\Documents\Uni Work\Year 3\Graphics And Computational Programming\Shadows\Release\glfw.pdb'; linking object as if no debug info
glfw3.lib(init.obj) : warning LNK4099: PDB 'glfw.pdb' was not found with 'glfw3.lib(init.obj)' or at 'D:\Yash Files\Documents\Uni Work\Year 3\Graphics And Computational Programming\Shadows\Release\glfw.pdb'; linking object as if no debug info
glfw3.lib(input.obj) : warning LNK4099: PDB 'glfw.pdb' was not found with 'glfw3.lib(input.obj)' or at 'D:\Yash Files\Documents\Uni Work\Year 3\Graphics And Computational Programming\Shadows\Release\glfw.pdb'; linking object as if no debug info
glfw3.lib(monitor.obj) : warning LNK4099: PDB 'glfw.pdb' was not found with 'glfw3.lib(monitor.obj)' or at 'D:\Yash Files\Documents\Uni Work\Year 3\Graphics And Computational Programming\Shadows\Release\glfw.pdb'; linking object as if no debug info
glfw3.lib(vulkan.obj) : warning LNK4099: PDB 'glfw.pdb' was not found with 'glfw3.lib(vulkan.obj)' or at 'D:\Yash Files\Documents\Uni Work\Year 3\Graphics And Computational Programming\Shadows\Release\glfw.pdb'; linking object as if no debug info
glfw3.lib(window.obj) : warning LNK4099: PDB 'glfw.pdb' was not found with 'glfw3.lib(window.obj)' or at 'D:\Yash Files\Documents\Uni Work\Year 3\Graphics And Computational Programming\Shadows\Release\glfw.pdb'; linking object as if no debug info
glfw3.lib(win32_init.obj) : warning LNK4099: PDB 'glfw.pdb' was not found with 'glfw3.lib(win32_init.obj)' or at 'D:\Yash Files\Documents\Uni Work\Year 3\Graphics And Computational Programming\Shadows\Release\glfw.pdb'; linking object as if no debug info
glfw3.lib(win32_joystick.obj) : warning LNK4099: PDB 'glfw.pdb' was not found with 'glfw3.lib(win32_joystick.obj)' or at 'D:\Yash Files\Documents\Uni Work\Year 3\Graphics And Computational Programming\Shadows\Release\glfw.pdb'; linking object as if no debug info
glfw3.lib(win32_monitor.obj) : warning LNK4099: PDB 'glfw.pdb' was not found with 'glfw3.lib(win32_monitor.obj)' or at 'D:\Yash Files\Documents\Uni Work\Year 3\Graphics And Computational Programming\Shadows\Release\glfw.pdb'; linking object as if no debug info
glfw3.lib(win32_time.obj) : warning LNK4099: PDB 'glfw.pdb' was not found with 'glfw3.lib(win32_time.obj)' or at 'D:\Yash Files\Documents\Uni Work\Year 3\Graphics And Computational Programming\Shadows\Release\glfw.pdb'; linking object as if no debug info
glfw3.lib(win32_thread.obj) : warning LNK4099: PDB 'glfw.pdb' was not found with 'glfw3.lib(win32_thread.obj)' or at 'D:\Yash Files\Documents\Uni Work\Year 3\Graphics And Computational Programming\Shadows\Release\glfw.pdb'; linking object as if no debug info
glfw3.lib(win32_window.obj) : warning LNK4099: PDB 'glfw.pdb' was not found with 'glfw3.lib(win32_window.obj)' or at 'D:\Yash Files\Documents\Uni Work\Year 3\Graphics And Computational Programming\Shadows\Release\glfw.pdb'; linking object as if no debug info
glfw3.lib(wgl_context.obj) : warning LNK4099: PDB 'glfw.pdb' was not found with 'glfw3.lib(wgl_context.obj)' or at 'D:\Yash Files\Documents\Uni Work\Year 3\Graphics And Computational Programming\Shadows\Release\glfw.pdb'; linking object as if no debug info
glfw3.lib(egl_context.obj) : warning LNK4099: PDB 'glfw.pdb' was not found with 'glfw3.lib(egl_context.obj)' or at 'D:\Yash Files\Documents\Uni Work\Year 3\Graphics And Computational Programming\Shadows\Release\glfw.pdb'; linking object as if no debug info
glfw3.lib(osmesa_context.obj) : warning LNK4099: PDB 'glfw.pdb' was not found with 'glfw3.lib(osmesa_context.obj)' or at 'D:\Yash Files\Documents\Uni Work\Year 3\Graphics And Computational Programming\Shadows\Release\glfw.pdb'; linking object as if no debug info
  Shadows.vcxproj -> D:\Yash Files\Documents\Uni Work\Year 3\Graphics And Computational Programming\Shadows\Release\Shadows.exe
